\BOOKMARK [1][-]{section.1}{Chap9}{}% 1
\BOOKMARK [2][-]{subsection.1.1}{THE WAVEFRONT RECONSTRUCTION PROBLEM}{section.1}% 2
\BOOKMARK [3][-]{subsubsection.1.1.1}{Recording Amplitude and Phase}{subsection.1.1}% 3
\BOOKMARK [3][-]{subsubsection.1.1.2}{The Recording Medium}{subsection.1.1}% 4
\BOOKMARK [3][-]{subsubsection.1.1.3}{Reconstruction of the Original Wavefront}{subsection.1.1}% 5
\BOOKMARK [3][-]{subsubsection.1.1.4}{Linearity of the Holographic Process}{subsection.1.1}% 6
\BOOKMARK [3][-]{subsubsection.1.1.5}{Image Formation by Holography}{subsection.1.1}% 7
\BOOKMARK [2][-]{subsection.1.2}{THE GABOR HOLOGRAM}{section.1}% 8
\BOOKMARK [3][-]{subsubsection.1.2.1}{Origin of the Reference Wave}{subsection.1.2}% 9
\BOOKMARK [3][-]{subsubsection.1.2.2}{The Twin Images}{subsection.1.2}% 10
\BOOKMARK [3][-]{subsubsection.1.2.3}{Limitations of the Gabor Hologram}{subsection.1.2}% 11
\BOOKMARK [2][-]{subsection.1.3}{THE LEITH-UPATNIEKS HOLOGRAM}{section.1}% 12
\BOOKMARK [3][-]{subsubsection.1.3.1}{Recording the Hologram}{subsection.1.3}% 13
\BOOKMARK [3][-]{subsubsection.1.3.2}{Obtaining the Reconstructed Images}{subsection.1.3}% 14
\BOOKMARK [2][-]{subsection.1.4}{Device Options}{section.1}% 15
\BOOKMARK [2][-]{subsection.1.5}{Math Fonts}{section.1}% 16
\BOOKMARK [2][-]{subsection.1.6}{Color Themes}{section.1}% 17
\BOOKMARK [2][-]{subsection.1.7}{Languages}{section.1}% 18
\BOOKMARK [2][-]{subsection.1.8}{Theorem Class Environments}{section.1}% 19
\BOOKMARK [1][-]{section.2}{Writing Sample}{}% 20
\BOOKMARK [1][-]{section.3}{Recruit Support Members}{}% 21
\BOOKMARK [1][-]{section.4}{Acknowledgement}{}% 22
\BOOKMARK [1][-]{section.5}{Donation}{}% 23
\BOOKMARK [1][-]{section.6}{FAQ}{}% 24
